2024-11-15T18:20:06.415+0100 [DEBUG] [org.gradle.launcher.daemon.bootstrap.DaemonMain] Assuming the daemon was started with following jvm opts: [--add-opens=java.base/java.util=ALL-UNNAMED, --add-opens=java.base/java.lang=ALL-UNNAMED, --add-opens=java.base/java.lang.invoke=ALL-UNNAMED, --add-opens=java.prefs/java.util.prefs=ALL-UNNAMED, --add-opens=java.base/java.nio.charset=ALL-UNNAMED, --add-opens=java.base/java.net=ALL-UNNAMED, --add-opens=java.base/java.util.concurrent.atomic=ALL-UNNAMED, -Xmx2048m, -Dfile.encoding=UTF-8, -Duser.country=ES, -Duser.language=es, -Duser.variant]
2024-11-15T18:20:06.814+0100 [INFO] [org.gradle.launcher.daemon.server.Daemon] start() called on daemon - DefaultDaemonContext[uid=aec2c9d7-0f8a-4bbd-a538-de8894d94688,javaHome=/home/ignacio/Descargas/android-studio/jbr,daemonRegistryDir=/home/ignacio/AndroidStudioProjects/netflix/daemon,pid=35940,idleTimeout=10800000,priority=NORMAL,applyInstrumentationAgent=true,daemonOpts=--add-opens=java.base/java.util=ALL-UNNAMED,--add-opens=java.base/java.lang=ALL-UNNAMED,--add-opens=java.base/java.lang.invoke=ALL-UNNAMED,--add-opens=java.prefs/java.util.prefs=ALL-UNNAMED,--add-opens=java.base/java.nio.charset=ALL-UNNAMED,--add-opens=java.base/java.net=ALL-UNNAMED,--add-opens=java.base/java.util.concurrent.atomic=ALL-UNNAMED,-Xmx2048m,-Dfile.encoding=UTF-8,-Duser.country=ES,-Duser.language=es,-Duser.variant]
2024-11-15T18:20:06.884+0100 [DEBUG] [org.gradle.internal.remote.internal.inet.InetAddresses] Adding IP addresses for network interface virbr0
2024-11-15T18:20:06.885+0100 [DEBUG] [org.gradle.internal.remote.internal.inet.InetAddresses] Is this a loopback interface? false
2024-11-15T18:20:06.886+0100 [DEBUG] [org.gradle.internal.remote.internal.inet.InetAddresses] Adding remote address /192.168.122.1
2024-11-15T18:20:06.886+0100 [DEBUG] [org.gradle.internal.remote.internal.inet.InetAddresses] Adding IP addresses for network interface wlp4s0
2024-11-15T18:20:06.890+0100 [DEBUG] [org.gradle.internal.remote.internal.inet.InetAddresses] Is this a loopback interface? false
2024-11-15T18:20:06.892+0100 [DEBUG] [org.gradle.internal.remote.internal.inet.InetAddresses] Adding remote address /fe80:0:0:0:6906:e78f:5895:279e%wlp4s0
2024-11-15T18:20:06.892+0100 [DEBUG] [org.gradle.internal.remote.internal.inet.InetAddresses] Adding remote address /10.104.13.223
2024-11-15T18:20:06.893+0100 [DEBUG] [org.gradle.internal.remote.internal.inet.InetAddresses] Adding IP addresses for network interface enp2s0
2024-11-15T18:20:06.893+0100 [DEBUG] [org.gradle.internal.remote.internal.inet.InetAddresses] Is this a loopback interface? false
2024-11-15T18:20:06.897+0100 [DEBUG] [org.gradle.internal.remote.internal.inet.InetAddresses] Adding remote address /fe80:0:0:0:f87:8601:c286:1541%enp2s0
2024-11-15T18:20:06.898+0100 [DEBUG] [org.gradle.internal.remote.internal.inet.InetAddresses] Adding remote address /10.104.5.47
2024-11-15T18:20:06.898+0100 [DEBUG] [org.gradle.internal.remote.internal.inet.InetAddresses] Adding IP addresses for network interface lo
2024-11-15T18:20:06.899+0100 [DEBUG] [org.gradle.internal.remote.internal.inet.InetAddresses] Is this a loopback interface? true
2024-11-15T18:20:06.899+0100 [DEBUG] [org.gradle.internal.remote.internal.inet.InetAddresses] Adding loopback address /0:0:0:0:0:0:0:1%lo
2024-11-15T18:20:06.900+0100 [DEBUG] [org.gradle.internal.remote.internal.inet.InetAddresses] Adding loopback address /127.0.0.1
2024-11-15T18:20:06.909+0100 [DEBUG] [org.gradle.internal.remote.internal.inet.TcpIncomingConnector] Listening on [12aec0fc-5dd1-4d45-a597-9e19fd50fb97 port:44051, addresses:[localhost/127.0.0.1]].
2024-11-15T18:20:06.955+0100 [DEBUG] [org.gradle.launcher.daemon.server.Daemon] Daemon starting at: Fri Nov 15 18:20:06 CET 2024, with address: [12aec0fc-5dd1-4d45-a597-9e19fd50fb97 port:44051, addresses:[localhost/127.0.0.1]]
2024-11-15T18:20:06.956+0100 [INFO] [org.gradle.launcher.daemon.server.DaemonRegistryUpdater] Advertising the daemon address to the clients: [12aec0fc-5dd1-4d45-a597-9e19fd50fb97 port:44051, addresses:[localhost/127.0.0.1]]
2024-11-15T18:20:06.957+0100 [DEBUG] [org.gradle.launcher.daemon.server.DaemonRegistryUpdater] Advertised daemon context: DefaultDaemonContext[uid=aec2c9d7-0f8a-4bbd-a538-de8894d94688,javaHome=/home/ignacio/Descargas/android-studio/jbr,daemonRegistryDir=/home/ignacio/AndroidStudioProjects/netflix/daemon,pid=35940,idleTimeout=10800000,priority=NORMAL,applyInstrumentationAgent=true,daemonOpts=--add-opens=java.base/java.util=ALL-UNNAMED,--add-opens=java.base/java.lang=ALL-UNNAMED,--add-opens=java.base/java.lang.invoke=ALL-UNNAMED,--add-opens=java.prefs/java.util.prefs=ALL-UNNAMED,--add-opens=java.base/java.nio.charset=ALL-UNNAMED,--add-opens=java.base/java.net=ALL-UNNAMED,--add-opens=java.base/java.util.concurrent.atomic=ALL-UNNAMED,-Xmx2048m,-Dfile.encoding=UTF-8,-Duser.country=ES,-Duser.language=es,-Duser.variant]
2024-11-15T18:20:06.959+0100 [DEBUG] [org.gradle.launcher.daemon.registry.PersistentDaemonRegistry] Storing daemon address: [12aec0fc-5dd1-4d45-a597-9e19fd50fb97 port:44051, addresses:[localhost/127.0.0.1]], context: DefaultDaemonContext[uid=aec2c9d7-0f8a-4bbd-a538-de8894d94688,javaHome=/home/ignacio/Descargas/android-studio/jbr,daemonRegistryDir=/home/ignacio/AndroidStudioProjects/netflix/daemon,pid=35940,idleTimeout=10800000,priority=NORMAL,applyInstrumentationAgent=true,daemonOpts=--add-opens=java.base/java.util=ALL-UNNAMED,--add-opens=java.base/java.lang=ALL-UNNAMED,--add-opens=java.base/java.lang.invoke=ALL-UNNAMED,--add-opens=java.prefs/java.util.prefs=ALL-UNNAMED,--add-opens=java.base/java.nio.charset=ALL-UNNAMED,--add-opens=java.base/java.net=ALL-UNNAMED,--add-opens=java.base/java.util.concurrent.atomic=ALL-UNNAMED,-Xmx2048m,-Dfile.encoding=UTF-8,-Duser.country=ES,-Duser.language=es,-Duser.variant]
2024-11-15T18:20:06.983+0100 [DEBUG] [org.gradle.cache.internal.DefaultFileLockManager] Waiting to acquire exclusive lock on daemon addresses registry.
2024-11-15T18:20:06.993+0100 [DEBUG] [org.gradle.cache.internal.DefaultFileLockManager] Lock acquired on daemon addresses registry.
2024-11-15T18:20:07.005+0100 [DEBUG] [org.gradle.cache.internal.DefaultFileLockManager] Releasing lock on daemon addresses registry.
2024-11-15T18:20:07.005+0100 [LIFECYCLE] [org.gradle.launcher.daemon.server.Daemon] Daemon server started.
2024-11-15T18:20:07.009+0100 [DEBUG] [org.gradle.launcher.daemon.bootstrap.DaemonStartupCommunication] Completed writing the daemon greeting. Closing streams...
2024-11-15T18:20:07.018+0100 [DEBUG] [org.gradle.launcher.daemon.server.Daemon] stopOnExpiration() called on daemon
2024-11-15T18:20:07.023+0100 [DEBUG] [org.gradle.launcher.daemon.server.Daemon] awaitExpiration() called on daemon
2024-11-15T18:20:07.024+0100 [DEBUG] [org.gradle.launcher.daemon.server.DaemonStateCoordinator] daemon is running. Sleeping until state changes.
2024-11-15T18:20:07.035+0100 [DEBUG] [org.gradle.internal.remote.internal.inet.TcpIncomingConnector] Accepted connection from /127.0.0.1:37030 to /127.0.0.1:44051.
2024-11-15T18:20:07.105+0100 [DEBUG] [org.gradle.launcher.daemon.server.SynchronizedDispatchConnection] thread 21: received class org.gradle.launcher.daemon.protocol.Build
2024-11-15T18:20:07.106+0100 [DEBUG] [org.gradle.launcher.daemon.server.DefaultDaemonConnection] thread 21: Received non-IO message from client: Build{id=6b6c9123-9531-44ee-bcf2-fd7fdc5626d3, currentDir=/home/ignacio/AndroidStudioProjects/netflix}
2024-11-15T18:20:07.107+0100 [INFO] [org.gradle.launcher.daemon.server.DefaultIncomingConnectionHandler] Received command: Build{id=6b6c9123-9531-44ee-bcf2-fd7fdc5626d3, currentDir=/home/ignacio/AndroidStudioProjects/netflix}.
2024-11-15T18:20:07.108+0100 [DEBUG] [org.gradle.launcher.daemon.server.DefaultIncomingConnectionHandler] Starting executing command: Build{id=6b6c9123-9531-44ee-bcf2-fd7fdc5626d3, currentDir=/home/ignacio/AndroidStudioProjects/netflix} with connection: socket connection from /127.0.0.1:44051 to /127.0.0.1:37030.
2024-11-15T18:20:07.113+0100 [DEBUG] [org.gradle.launcher.daemon.server.DaemonStateCoordinator] Command execution: started DaemonCommandExecution[command = Build{id=6b6c9123-9531-44ee-bcf2-fd7fdc5626d3, currentDir=/home/ignacio/AndroidStudioProjects/netflix}, connection = DefaultDaemonConnection: socket connection from /127.0.0.1:44051 to /127.0.0.1:37030] after 0.0 minutes of idle
2024-11-15T18:20:07.113+0100 [INFO] [org.gradle.launcher.daemon.server.DaemonRegistryUpdater] Marking the daemon as busy, address: [12aec0fc-5dd1-4d45-a597-9e19fd50fb97 port:44051, addresses:[localhost/127.0.0.1]]
2024-11-15T18:20:07.114+0100 [DEBUG] [org.gradle.launcher.daemon.registry.PersistentDaemonRegistry] Marking busy by address: [12aec0fc-5dd1-4d45-a597-9e19fd50fb97 port:44051, addresses:[localhost/127.0.0.1]]
2024-11-15T18:20:07.115+0100 [DEBUG] [org.gradle.cache.internal.DefaultFileLockManager] Waiting to acquire exclusive lock on daemon addresses registry.
2024-11-15T18:20:07.116+0100 [DEBUG] [org.gradle.cache.internal.DefaultFileLockManager] Lock acquired on daemon addresses registry.
2024-11-15T18:20:07.117+0100 [DEBUG] [org.gradle.cache.internal.DefaultFileLockManager] Releasing lock on daemon addresses registry.
2024-11-15T18:20:07.118+0100 [DEBUG] [org.gradle.launcher.daemon.server.DaemonStateCoordinator] resetting idle timer
2024-11-15T18:20:07.118+0100 [DEBUG] [org.gradle.launcher.daemon.server.DaemonStateCoordinator] daemon is running. Sleeping until state changes.
2024-11-15T18:20:07.119+0100 [INFO] [org.gradle.launcher.daemon.server.exec.StartBuildOrRespondWithBusy] Daemon is about to start building Build{id=6b6c9123-9531-44ee-bcf2-fd7fdc5626d3, currentDir=/home/ignacio/AndroidStudioProjects/netflix}. Dispatching build started information...
2024-11-15T18:20:07.120+0100 [DEBUG] [org.gradle.launcher.daemon.server.SynchronizedDispatchConnection] thread 23: dispatching org.gradle.launcher.daemon.protocol.BuildStarted@3caacacd
2024-11-15T18:20:07.122+0100 [DEBUG] [org.gradle.launcher.daemon.server.exec.EstablishBuildEnvironment] Configuring env variables: [PATH, INVOCATION_ID, XAUTHORITY, XMODIFIERS, GDMSESSION, XDG_DATA_DIRS, QT_IM_MODULE, GTK_IM_MODULE, XDG_CONFIG_DIRS, LANG, DBUS_SESSION_BUS_ADDRESS, XDG_SESSION_TYPE, XDG_CURRENT_DESKTOP, JOURNAL_STREAM, DISPLAY, LIBVIRT_DEFAULT_URI, USERNAME, SESSION_MANAGER, LOGNAME, PWD, MANAGERPID, XDG_SESSION_CLASS, GJS_DEBUG_TOPICS, SHELL, GIO_LAUNCHED_DESKTOP_FILE, GPG_AGENT_INFO, DESKTOP_SESSION, USER, XDG_MENU_PREFIX, GIO_LAUNCHED_DESKTOP_FILE_PID, WINDOWPATH, QT_ACCESSIBILITY, GJS_DEBUG_OUTPUT, GNOME_DESKTOP_SESSION_ID, GTK_MODULES, SSH_AUTH_SOCK, GNOME_SHELL_SESSION_MODE, SYSTEMD_EXEC_PID, XDG_RUNTIME_DIR, XDG_SESSION_DESKTOP, SSH_AGENT_LAUNCHER, SHLVL, HOME]
2024-11-15T18:20:07.130+0100 [DEBUG] [org.gradle.launcher.daemon.server.SynchronizedDispatchConnection] thread 21: received class org.gradle.launcher.daemon.protocol.CloseInput
2024-11-15T18:20:07.130+0100 [DEBUG] [org.gradle.launcher.daemon.server.DefaultDaemonConnection] thread 21: Received IO message from client: org.gradle.launcher.daemon.protocol.CloseInput@32150c9b
2024-11-15T18:20:07.132+0100 [DEBUG] [org.gradle.launcher.daemon.server.exec.LogToClient] About to start relaying all logs to the client via the connection.
2024-11-15T18:20:07.132+0100 [INFO] [org.gradle.launcher.daemon.server.exec.LogToClient] The client will now receive all logging from the daemon (pid: 35940). The daemon log file: /home/ignacio/AndroidStudioProjects/netflix/daemon/8.7/daemon-35940.out.log
2024-11-15T18:20:07.136+0100 [INFO] [org.gradle.launcher.daemon.server.exec.LogAndCheckHealth] Starting build in new daemon [memory: 2 GiB]
2024-11-15T18:20:07.141+0100 [INFO] [org.gradle.launcher.daemon.server.exec.ForwardClientInput] Closing daemon's stdin at end of input.
2024-11-15T18:20:07.141+0100 [INFO] [org.gradle.launcher.daemon.server.exec.ForwardClientInput] The daemon will no longer process any standard input.
2024-11-15T18:20:07.142+0100 [DEBUG] [org.gradle.launcher.daemon.server.exec.ExecuteBuild] The daemon has started executing the build.
2024-11-15T18:20:07.143+0100 [DEBUG] [org.gradle.launcher.daemon.server.exec.ExecuteBuild] Executing build with daemon context: DefaultDaemonContext[uid=aec2c9d7-0f8a-4bbd-a538-de8894d94688,javaHome=/home/ignacio/Descargas/android-studio/jbr,daemonRegistryDir=/home/ignacio/AndroidStudioProjects/netflix/daemon,pid=35940,idleTimeout=10800000,priority=NORMAL,applyInstrumentationAgent=true,daemonOpts=--add-opens=java.base/java.util=ALL-UNNAMED,--add-opens=java.base/java.lang=ALL-UNNAMED,--add-opens=java.base/java.lang.invoke=ALL-UNNAMED,--add-opens=java.prefs/java.util.prefs=ALL-UNNAMED,--add-opens=java.base/java.nio.charset=ALL-UNNAMED,--add-opens=java.base/java.net=ALL-UNNAMED,--add-opens=java.base/java.util.concurrent.atomic=ALL-UNNAMED,-Xmx2048m,-Dfile.encoding=UTF-8,-Duser.country=ES,-Duser.language=es,-Duser.variant]

Deprecated Gradle features were used in this build, making it incompatible with Gradle 9.0.

You can use '--warning-mode all' to show the individual deprecation warnings and determine if they come from your own scripts or plugins.

For more on this, please refer to https://docs.gradle.org/8.7/userguide/command_line_interface.html#sec:command_line_warnings in the Gradle documentation.

BUILD SUCCESSFUL in 24s
34 actionable tasks: 34 up-to-date
2024-11-15T18:20:27.753+0100 [DEBUG] [org.gradle.launcher.daemon.server.exec.ExecuteBuild] The daemon has finished executing the build.
2024-11-15T18:20:27.759+0100 [DEBUG] [org.gradle.launcher.daemon.server.DaemonStateCoordinator] daemon is running. Sleeping until state changes.
2024-11-15T18:20:27.761+0100 [DEBUG] [org.gradle.launcher.daemon.server.DaemonStateCoordinator] Command execution: finished waiting for DaemonCommandExecution[command = Build{id=6b6c9123-9531-44ee-bcf2-fd7fdc5626d3, currentDir=/home/ignacio/AndroidStudioProjects/netflix}, connection = DefaultDaemonConnection: socket connection from /127.0.0.1:44051 to /127.0.0.1:37030]. Result org.gradle.launcher.daemon.server.DaemonStateCoordinator@40f129e9 with state Busy
2024-11-15T18:20:27.761+0100 [DEBUG] [org.gradle.launcher.daemon.server.DaemonStateCoordinator] Command execution: completed DaemonCommandExecution[command = Build{id=6b6c9123-9531-44ee-bcf2-fd7fdc5626d3, currentDir=/home/ignacio/AndroidStudioProjects/netflix}, connection = DefaultDaemonConnection: socket connection from /127.0.0.1:44051 to /127.0.0.1:37030]
2024-11-15T18:20:27.761+0100 [DEBUG] [org.gradle.launcher.daemon.server.DaemonStateCoordinator] resetting idle timer
2024-11-15T18:20:27.762+0100 [INFO] [org.gradle.launcher.daemon.server.DaemonRegistryUpdater] Marking the daemon as idle, address: [12aec0fc-5dd1-4d45-a597-9e19fd50fb97 port:44051, addresses:[localhost/127.0.0.1]]
2024-11-15T18:20:27.762+0100 [DEBUG] [org.gradle.launcher.daemon.registry.PersistentDaemonRegistry] Marking busy by address: [12aec0fc-5dd1-4d45-a597-9e19fd50fb97 port:44051, addresses:[localhost/127.0.0.1]]
2024-11-15T18:20:27.763+0100 [DEBUG] [org.gradle.cache.internal.DefaultFileLockManager] Waiting to acquire exclusive lock on daemon addresses registry.
2024-11-15T18:20:27.763+0100 [DEBUG] [org.gradle.cache.internal.DefaultFileLockManager] Lock acquired on daemon addresses registry.
2024-11-15T18:20:27.764+0100 [DEBUG] [org.gradle.cache.internal.DefaultFileLockManager] Releasing lock on daemon addresses registry.
2024-11-15T18:20:27.765+0100 [DEBUG] [org.gradle.launcher.daemon.server.exec.ReturnResult] Daemon is dispatching the build result: Success[value=org.gradle.launcher.exec.BuildActionResult@44872ddf]
2024-11-15T18:20:27.765+0100 [DEBUG] [org.gradle.launcher.daemon.server.SynchronizedDispatchConnection] thread 20: dispatching Success[value=org.gradle.launcher.exec.BuildActionResult@44872ddf]
2024-11-15T18:20:27.765+0100 [DEBUG] [org.gradle.launcher.daemon.server.DaemonStateCoordinator] daemon is running. Sleeping until state changes.
2024-11-15T18:20:27.768+0100 [DEBUG] [org.gradle.launcher.daemon.server.exec.CleanUpVirtualFileSystemAfterBuild] Cleaning virtual file system after build finished
2024-11-15T18:20:27.773+0100 [DEBUG] [org.gradle.launcher.daemon.server.SynchronizedDispatchConnection] thread 21: received class org.gradle.launcher.daemon.protocol.Finished
2024-11-15T18:20:27.773+0100 [DEBUG] [org.gradle.launcher.daemon.server.DefaultDaemonConnection] thread 21: Received non-IO message from client: org.gradle.launcher.daemon.protocol.Finished@4c1f9649
2024-11-15T18:20:27.774+0100 [DEBUG] [org.gradle.internal.remote.internal.inet.SocketConnection] Discarding EOFException: java.io.EOFException
2024-11-15T18:20:27.774+0100 [DEBUG] [org.gradle.launcher.daemon.server.SynchronizedDispatchConnection] thread 21: received null
2024-11-15T18:20:27.774+0100 [DEBUG] [org.gradle.launcher.daemon.server.DefaultDaemonConnection] thread 21: Received end-of-input from client.
2024-11-15T18:20:27.775+0100 [DEBUG] [org.gradle.launcher.daemon.server.DefaultIncomingConnectionHandler] Finishing executing command: Build{id=6b6c9123-9531-44ee-bcf2-fd7fdc5626d3, currentDir=/home/ignacio/AndroidStudioProjects/netflix}
2024-11-15T18:20:27.775+0100 [WARN] [org.gradle.launcher.daemon.server.DefaultIncomingConnectionHandler] Timed out waiting for finished message from client socket connection from /127.0.0.1:44051 to /127.0.0.1:37030. Discarding connection.
2024-11-15T18:20:27.776+0100 [DEBUG] [org.gradle.launcher.daemon.server.SynchronizedDispatchConnection] thread 20: stopping connection
2024-11-15T18:20:27.777+0100 [DEBUG] [org.gradle.launcher.daemon.server.SynchronizedDispatchConnection] thread 20: stopping connection
2024-11-15T18:20:28.041+0100 [DEBUG] [org.gradle.internal.watch.vfs.impl.WatchingVirtualFileSystem] Handling VFS change CREATED /home/ignacio/AndroidStudioProjects/netflix/app/src/main/java/com/example/netflix/MainActivity.kt~
2024-11-15T18:20:28.043+0100 [DEBUG] [org.gradle.internal.watch.registry.impl.NonHierarchicalFileWatcherUpdater] Watching 254 directories to track changes
2024-11-15T18:20:28.045+0100 [DEBUG] [org.gradle.internal.watch.vfs.impl.WatchingVirtualFileSystem] Handling VFS change MODIFIED /home/ignacio/AndroidStudioProjects/netflix/app/src/main/java/com/example/netflix/MainActivity.kt
2024-11-15T18:20:28.045+0100 [DEBUG] [org.gradle.internal.watch.registry.impl.NonHierarchicalFileWatcherUpdater] Watching 253 directories to track changes
2024-11-15T18:20:37.021+0100 [DEBUG] [org.gradle.cache.internal.DefaultFileLockManager] Waiting to acquire shared lock on daemon addresses registry.
2024-11-15T18:20:37.021+0100 [DEBUG] [org.gradle.cache.internal.DefaultFileLockManager] Lock acquired on daemon addresses registry.
2024-11-15T18:20:37.021+0100 [DEBUG] [org.gradle.cache.internal.DefaultFileLockManager] Releasing lock on daemon addresses registry.
2024-11-15T18:20:37.022+0100 [DEBUG] [org.gradle.cache.internal.DefaultFileLockManager] Waiting to acquire shared lock on daemon addresses registry.
2024-11-15T18:20:37.023+0100 [DEBUG] [org.gradle.cache.internal.DefaultFileLockManager] Lock acquired on daemon addresses registry.
2024-11-15T18:20:37.023+0100 [DEBUG] [org.gradle.cache.internal.DefaultFileLockManager] Releasing lock on daemon addresses registry.
2024-11-15T18:20:47.021+0100 [DEBUG] [org.gradle.cache.internal.DefaultFileLockManager] Waiting to acquire shared lock on daemon addresses registry.
2024-11-15T18:20:47.022+0100 [DEBUG] [org.gradle.cache.internal.DefaultFileLockManager] Lock acquired on daemon addresses registry.
2024-11-15T18:20:47.022+0100 [DEBUG] [org.gradle.cache.internal.DefaultFileLockManager] Releasing lock on daemon addresses registry.
2024-11-15T18:20:47.023+0100 [DEBUG] [org.gradle.cache.internal.DefaultFileLockManager] Waiting to acquire shared lock on daemon addresses registry.
2024-11-15T18:20:47.023+0100 [DEBUG] [org.gradle.cache.internal.DefaultFileLockManager] Lock acquired on daemon addresses registry.
2024-11-15T18:20:47.024+0100 [DEBUG] [org.gradle.cache.internal.DefaultFileLockManager] Releasing lock on daemon addresses registry.
2024-11-15T18:20:47.025+0100 [DEBUG] [org.gradle.cache.internal.DefaultFileLockManager] Waiting to acquire shared lock on daemon addresses registry.
2024-11-15T18:20:47.026+0100 [DEBUG] [org.gradle.cache.internal.DefaultFileLockManager] Lock acquired on daemon addresses registry.
2024-11-15T18:20:47.026+0100 [DEBUG] [org.gradle.cache.internal.DefaultFileLockManager] Releasing lock on daemon addresses registry.
2024-11-15T18:20:57.021+0100 [DEBUG] [org.gradle.cache.internal.DefaultFileLockManager] Waiting to acquire shared lock on daemon addresses registry.
2024-11-15T18:20:57.022+0100 [DEBUG] [org.gradle.cache.internal.DefaultFileLockManager] Lock acquired on daemon addresses registry.
2024-11-15T18:20:57.022+0100 [DEBUG] [org.gradle.cache.internal.DefaultFileLockManager] Releasing lock on daemon addresses registry.
2024-11-15T18:20:57.023+0100 [DEBUG] [org.gradle.cache.internal.DefaultFileLockManager] Waiting to acquire shared lock on daemon addresses registry.
2024-11-15T18:20:57.023+0100 [DEBUG] [org.gradle.cache.internal.DefaultFileLockManager] Lock acquired on daemon addresses registry.
2024-11-15T18:20:57.024+0100 [DEBUG] [org.gradle.cache.internal.DefaultFileLockManager] Releasing lock on daemon addresses registry.
2024-11-15T18:20:57.024+0100 [DEBUG] [org.gradle.cache.internal.DefaultFileLockManager] Waiting to acquire shared lock on daemon addresses registry.
2024-11-15T18:20:57.024+0100 [DEBUG] [org.gradle.cache.internal.DefaultFileLockManager] Lock acquired on daemon addresses registry.
2024-11-15T18:20:57.025+0100 [DEBUG] [org.gradle.cache.internal.DefaultFileLockManager] Releasing lock on daemon addresses registry.
2024-11-15T18:21:02.423+0100 [DEBUG] [org.gradle.internal.remote.internal.inet.TcpIncomingConnector] Accepted connection from /127.0.0.1:57598 to /127.0.0.1:44051.
2024-11-15T18:21:02.429+0100 [DEBUG] [org.gradle.launcher.daemon.server.SynchronizedDispatchConnection] thread 131: received class org.gradle.launcher.daemon.protocol.StopWhenIdle
2024-11-15T18:21:02.430+0100 [DEBUG] [org.gradle.launcher.daemon.server.DefaultDaemonConnection] thread 131: Received non-IO message from client: StopWhenIdle[id=23e0df37-ba4c-482f-b476-2fbe3e6db99a]
2024-11-15T18:21:02.430+0100 [INFO] [org.gradle.launcher.daemon.server.DefaultIncomingConnectionHandler] Received command: StopWhenIdle[id=23e0df37-ba4c-482f-b476-2fbe3e6db99a].
2024-11-15T18:21:02.430+0100 [DEBUG] [org.gradle.launcher.daemon.server.DefaultIncomingConnectionHandler] Starting executing command: StopWhenIdle[id=23e0df37-ba4c-482f-b476-2fbe3e6db99a] with connection: socket connection from /127.0.0.1:44051 to /127.0.0.1:57598.
2024-11-15T18:21:02.430+0100 [DEBUG] [org.gradle.launcher.daemon.server.DaemonRegistryUpdater] Storing daemon stop event: stop command received
2024-11-15T18:21:02.431+0100 [DEBUG] [org.gradle.launcher.daemon.registry.PersistentDaemonRegistry] Storing daemon stop event with timestamp 1731691262431
2024-11-15T18:21:02.432+0100 [DEBUG] [org.gradle.cache.internal.DefaultFileLockManager] Waiting to acquire exclusive lock on daemon addresses registry.
2024-11-15T18:21:02.432+0100 [DEBUG] [org.gradle.cache.internal.DefaultFileLockManager] Lock acquired on daemon addresses registry.
2024-11-15T18:21:02.433+0100 [DEBUG] [org.gradle.cache.internal.DefaultFileLockManager] Releasing lock on daemon addresses registry.
2024-11-15T18:21:02.433+0100 [LIFECYCLE] [org.gradle.launcher.daemon.server.DaemonStateCoordinator] Daemon will be stopped at the end of the build stop command received
2024-11-15T18:21:02.433+0100 [DEBUG] [org.gradle.launcher.daemon.server.DaemonStateCoordinator] Marking daemon stopped due to stop command received. The daemon is running a build: false
2024-11-15T18:21:02.433+0100 [DEBUG] [org.gradle.launcher.daemon.server.SynchronizedDispatchConnection] thread 20: dispatching Success[value=null]
2024-11-15T18:21:02.434+0100 [DEBUG] [org.gradle.launcher.daemon.server.DaemonStateCoordinator] daemon has stopped.
2024-11-15T18:21:02.434+0100 [DEBUG] [org.gradle.launcher.daemon.server.Daemon] stop() called on daemon
2024-11-15T18:21:02.434+0100 [INFO] [org.gradle.launcher.daemon.server.Daemon] Stop requested. Daemon is removing its presence from the registry...
2024-11-15T18:21:02.434+0100 [DEBUG] [org.gradle.launcher.daemon.server.DefaultIncomingConnectionHandler] Finishing executing command: StopWhenIdle[id=23e0df37-ba4c-482f-b476-2fbe3e6db99a]
2024-11-15T18:21:02.435+0100 [DEBUG] [org.gradle.launcher.daemon.server.DaemonRegistryUpdater] Removing our presence to clients, eg. removing this address from the registry: [12aec0fc-5dd1-4d45-a597-9e19fd50fb97 port:44051, addresses:[localhost/127.0.0.1]]
2024-11-15T18:21:02.436+0100 [DEBUG] [org.gradle.launcher.daemon.registry.PersistentDaemonRegistry] Removing daemon address: [12aec0fc-5dd1-4d45-a597-9e19fd50fb97 port:44051, addresses:[localhost/127.0.0.1]]
2024-11-15T18:21:02.434+0100 [DEBUG] [org.gradle.launcher.daemon.server.SynchronizedDispatchConnection] thread 131: received class org.gradle.launcher.daemon.protocol.Finished
2024-11-15T18:21:02.436+0100 [DEBUG] [org.gradle.launcher.daemon.server.DefaultDaemonConnection] thread 131: Received non-IO message from client: org.gradle.launcher.daemon.protocol.Finished@4dd8db76
2024-11-15T18:21:02.436+0100 [DEBUG] [org.gradle.launcher.daemon.server.DefaultIncomingConnectionHandler] Received finished message: org.gradle.launcher.daemon.protocol.Finished@4dd8db76
2024-11-15T18:21:02.436+0100 [DEBUG] [org.gradle.launcher.daemon.server.SynchronizedDispatchConnection] thread 20: stopping connection
2024-11-15T18:21:02.436+0100 [DEBUG] [org.gradle.internal.remote.internal.inet.SocketConnection] Discarding EOFException: java.io.EOFException
2024-11-15T18:21:02.437+0100 [DEBUG] [org.gradle.launcher.daemon.server.SynchronizedDispatchConnection] thread 131: received null
2024-11-15T18:21:02.437+0100 [DEBUG] [org.gradle.launcher.daemon.server.DefaultDaemonConnection] thread 131: Received end-of-input from client.
2024-11-15T18:21:02.437+0100 [DEBUG] [org.gradle.launcher.daemon.server.SynchronizedDispatchConnection] thread 20: stopping connection
2024-11-15T18:21:02.437+0100 [DEBUG] [org.gradle.cache.internal.DefaultFileLockManager] Waiting to acquire exclusive lock on daemon addresses registry.
2024-11-15T18:21:02.438+0100 [DEBUG] [org.gradle.cache.internal.DefaultFileLockManager] Lock acquired on daemon addresses registry.
2024-11-15T18:21:02.438+0100 [DEBUG] [org.gradle.cache.internal.DefaultFileLockManager] Releasing lock on daemon addresses registry.
2024-11-15T18:21:02.439+0100 [DEBUG] [org.gradle.launcher.daemon.server.DaemonRegistryUpdater] Address removed from registry.
2024-11-15T18:21:02.441+0100 [DEBUG] [org.gradle.cache.internal.DefaultPersistentDirectoryStore] jars (/home/ignacio/AndroidStudioProjects/netflix/caches/jars-9) has last been fully cleaned up 22 hours ago
2024-11-15T18:21:02.442+0100 [DEBUG] [org.gradle.cache.internal.DefaultCacheCoordinator] Cache jars (/home/ignacio/AndroidStudioProjects/netflix/caches/jars-9) was closed 0 times.
2024-11-15T18:21:02.442+0100 [DEBUG] [org.gradle.cache.internal.LockOnDemandCrossProcessCacheAccess] Releasing file lock for file content cache (/home/ignacio/AndroidStudioProjects/netflix/caches/8.7/fileContent)
2024-11-15T18:21:02.442+0100 [DEBUG] [org.gradle.cache.internal.DefaultFileLockManager] Releasing lock on file content cache (/home/ignacio/AndroidStudioProjects/netflix/caches/8.7/fileContent).
2024-11-15T18:21:02.443+0100 [DEBUG] [org.gradle.internal.watch.vfs.impl.WatchingVirtualFileSystem] Closing VFS, dropping state
2024-11-15T18:21:02.448+0100 [DEBUG] [org.gradle.internal.watch.registry.impl.DefaultFileWatcherRegistry] Finished listening to file system change events
2024-11-15T18:21:02.448+0100 [DEBUG] [org.gradle.cache.internal.LockOnDemandCrossProcessCacheAccess] Releasing file lock for Generated Gradle JARs cache (/home/ignacio/AndroidStudioProjects/netflix/caches/8.7/generated-gradle-jars)
2024-11-15T18:21:02.448+0100 [DEBUG] [org.gradle.cache.internal.DefaultFileLockManager] Releasing lock on Generated Gradle JARs cache (/home/ignacio/AndroidStudioProjects/netflix/caches/8.7/generated-gradle-jars).
2024-11-15T18:21:02.449+0100 [DEBUG] [org.gradle.cache.internal.DefaultPersistentDirectoryStore] Artifact transforms cache (/home/ignacio/AndroidStudioProjects/netflix/caches/transforms-4) has last been fully cleaned up 22 hours ago
2024-11-15T18:21:02.449+0100 [DEBUG] [org.gradle.cache.internal.DefaultCacheCoordinator] Cache Artifact transforms cache (/home/ignacio/AndroidStudioProjects/netflix/caches/transforms-4) was closed 0 times.
2024-11-15T18:21:02.449+0100 [DEBUG] [org.gradle.cache.internal.LockOnDemandCrossProcessCacheAccess] Releasing file lock for artifact cache (/home/ignacio/AndroidStudioProjects/netflix/caches/modules-2)
2024-11-15T18:21:02.450+0100 [DEBUG] [org.gradle.cache.internal.btree.BTreePersistentIndexedCache] Closing cache module-artifact.bin (/home/ignacio/AndroidStudioProjects/netflix/caches/modules-2/metadata-2.106/module-artifact.bin)
2024-11-15T18:21:02.450+0100 [DEBUG] [org.gradle.cache.internal.btree.BTreePersistentIndexedCache] Closing cache module-metadata.bin (/home/ignacio/AndroidStudioProjects/netflix/caches/modules-2/metadata-2.106/module-metadata.bin)
2024-11-15T18:21:02.450+0100 [DEBUG] [org.gradle.cache.internal.DefaultFileLockManager] Releasing lock on artifact cache (/home/ignacio/AndroidStudioProjects/netflix/caches/modules-2).
2024-11-15T18:21:02.450+0100 [DEBUG] [org.gradle.cache.internal.DefaultPersistentDirectoryStore] artifact cache (/home/ignacio/AndroidStudioProjects/netflix/caches/modules-2) has last been fully cleaned up 22 hours ago
2024-11-15T18:21:02.451+0100 [DEBUG] [org.gradle.cache.internal.DefaultPersistentDirectoryStore] groovy-dsl (/home/ignacio/AndroidStudioProjects/netflix/caches/8.7/groovy-dsl) has last been fully cleaned up 22 hours ago
2024-11-15T18:21:02.451+0100 [DEBUG] [org.gradle.cache.internal.DefaultCacheCoordinator] Cache groovy-dsl (/home/ignacio/AndroidStudioProjects/netflix/caches/8.7/groovy-dsl) was closed 0 times.
2024-11-15T18:21:02.451+0100 [DEBUG] [org.gradle.cache.internal.DefaultPersistentDirectoryStore] kotlin-dsl (/home/ignacio/AndroidStudioProjects/netflix/caches/8.7/kotlin-dsl) has last been fully cleaned up 22 hours ago
2024-11-15T18:21:02.451+0100 [DEBUG] [org.gradle.cache.internal.DefaultCacheCoordinator] Cache kotlin-dsl (/home/ignacio/AndroidStudioProjects/netflix/caches/8.7/kotlin-dsl) was closed 0 times.
2024-11-15T18:21:02.452+0100 [DEBUG] [org.gradle.cache.internal.LockOnDemandCrossProcessCacheAccess] Releasing file lock for journal cache (/home/ignacio/AndroidStudioProjects/netflix/caches/journal-1)
2024-11-15T18:21:02.452+0100 [DEBUG] [org.gradle.cache.internal.btree.BTreePersistentIndexedCache] Closing cache file-access.bin (/home/ignacio/AndroidStudioProjects/netflix/caches/journal-1/file-access.bin)
2024-11-15T18:21:02.452+0100 [DEBUG] [org.gradle.cache.internal.DefaultFileLockManager] Releasing lock on journal cache (/home/ignacio/AndroidStudioProjects/netflix/caches/journal-1).
2024-11-15T18:21:02.453+0100 [DEBUG] [org.gradle.cache.internal.LockOnDemandCrossProcessCacheAccess] Releasing file lock for file hash cache (/home/ignacio/AndroidStudioProjects/netflix/caches/8.7/fileHashes)
2024-11-15T18:21:02.453+0100 [DEBUG] [org.gradle.cache.internal.btree.BTreePersistentIndexedCache] Closing cache fileHashes.bin (/home/ignacio/AndroidStudioProjects/netflix/caches/8.7/fileHashes/fileHashes.bin)
2024-11-15T18:21:02.454+0100 [DEBUG] [org.gradle.cache.internal.btree.BTreePersistentIndexedCache] Closing cache resourceHashesCache.bin (/home/ignacio/AndroidStudioProjects/netflix/caches/8.7/fileHashes/resourceHashesCache.bin)
2024-11-15T18:21:02.454+0100 [DEBUG] [org.gradle.cache.internal.DefaultFileLockManager] Releasing lock on file hash cache (/home/ignacio/AndroidStudioProjects/netflix/caches/8.7/fileHashes).
Daemon vm is shutting down... The daemon has exited normally or was terminated in response to a user interrupt.
2024-11-15T18:21:02.455+0100 [DEBUG] [org.gradle.launcher.daemon.registry.PersistentDaemonRegistry] Removing daemon address: [12aec0fc-5dd1-4d45-a597-9e19fd50fb97 port:44051, addresses:[localhost/127.0.0.1]]
2024-11-15T18:21:02.456+0100 [DEBUG] [org.gradle.cache.internal.DefaultFileLockManager] Waiting to acquire exclusive lock on daemon addresses registry.
2024-11-15T18:21:02.456+0100 [DEBUG] [org.gradle.cache.internal.DefaultFileLockManager] Lock acquired on daemon addresses registry.
2024-11-15T18:21:02.457+0100 [DEBUG] [org.gradle.cache.internal.DefaultFileLockManager] Releasing lock on daemon addresses registry.
