2024-11-15T20:22:32.710+0100 [DEBUG] [org.gradle.launcher.daemon.bootstrap.DaemonMain] Assuming the daemon was started with following jvm opts: [--add-opens=java.base/java.util=ALL-UNNAMED, --add-opens=java.base/java.lang=ALL-UNNAMED, --add-opens=java.base/java.lang.invoke=ALL-UNNAMED, --add-opens=java.prefs/java.util.prefs=ALL-UNNAMED, --add-opens=java.base/java.nio.charset=ALL-UNNAMED, --add-opens=java.base/java.net=ALL-UNNAMED, --add-opens=java.base/java.util.concurrent.atomic=ALL-UNNAMED, -Xmx2048m, -Dfile.encoding=UTF-8, -Duser.country=ES, -Duser.language=es, -Duser.variant]
2024-11-15T20:22:33.143+0100 [INFO] [org.gradle.launcher.daemon.server.Daemon] start() called on daemon - DefaultDaemonContext[uid=5d742cc5-662c-4a5c-9830-90d4a3f4f141,javaHome=/home/ignacio/Descargas/android-studio/jbr,daemonRegistryDir=/home/ignacio/AndroidStudioProjects/netflix/daemon,pid=45514,idleTimeout=10800000,priority=NORMAL,applyInstrumentationAgent=true,daemonOpts=--add-opens=java.base/java.util=ALL-UNNAMED,--add-opens=java.base/java.lang=ALL-UNNAMED,--add-opens=java.base/java.lang.invoke=ALL-UNNAMED,--add-opens=java.prefs/java.util.prefs=ALL-UNNAMED,--add-opens=java.base/java.nio.charset=ALL-UNNAMED,--add-opens=java.base/java.net=ALL-UNNAMED,--add-opens=java.base/java.util.concurrent.atomic=ALL-UNNAMED,-Xmx2048m,-Dfile.encoding=UTF-8,-Duser.country=ES,-Duser.language=es,-Duser.variant]
2024-11-15T20:22:33.205+0100 [DEBUG] [org.gradle.internal.remote.internal.inet.InetAddresses] Adding IP addresses for network interface virbr0
2024-11-15T20:22:33.206+0100 [DEBUG] [org.gradle.internal.remote.internal.inet.InetAddresses] Is this a loopback interface? false
2024-11-15T20:22:33.207+0100 [DEBUG] [org.gradle.internal.remote.internal.inet.InetAddresses] Adding remote address /192.168.122.1
2024-11-15T20:22:33.207+0100 [DEBUG] [org.gradle.internal.remote.internal.inet.InetAddresses] Adding IP addresses for network interface wlp4s0
2024-11-15T20:22:33.208+0100 [DEBUG] [org.gradle.internal.remote.internal.inet.InetAddresses] Is this a loopback interface? false
2024-11-15T20:22:33.210+0100 [DEBUG] [org.gradle.internal.remote.internal.inet.InetAddresses] Adding remote address /fe80:0:0:0:6906:e78f:5895:279e%wlp4s0
2024-11-15T20:22:33.210+0100 [DEBUG] [org.gradle.internal.remote.internal.inet.InetAddresses] Adding remote address /10.104.13.223
2024-11-15T20:22:33.211+0100 [DEBUG] [org.gradle.internal.remote.internal.inet.InetAddresses] Adding IP addresses for network interface enp2s0
2024-11-15T20:22:33.211+0100 [DEBUG] [org.gradle.internal.remote.internal.inet.InetAddresses] Is this a loopback interface? false
2024-11-15T20:22:33.212+0100 [DEBUG] [org.gradle.internal.remote.internal.inet.InetAddresses] Adding remote address /fe80:0:0:0:f87:8601:c286:1541%enp2s0
2024-11-15T20:22:33.212+0100 [DEBUG] [org.gradle.internal.remote.internal.inet.InetAddresses] Adding remote address /10.104.5.47
2024-11-15T20:22:33.213+0100 [DEBUG] [org.gradle.internal.remote.internal.inet.InetAddresses] Adding IP addresses for network interface lo
2024-11-15T20:22:33.213+0100 [DEBUG] [org.gradle.internal.remote.internal.inet.InetAddresses] Is this a loopback interface? true
2024-11-15T20:22:33.214+0100 [DEBUG] [org.gradle.internal.remote.internal.inet.InetAddresses] Adding loopback address /0:0:0:0:0:0:0:1%lo
2024-11-15T20:22:33.215+0100 [DEBUG] [org.gradle.internal.remote.internal.inet.InetAddresses] Adding loopback address /127.0.0.1
2024-11-15T20:22:33.219+0100 [DEBUG] [org.gradle.internal.remote.internal.inet.TcpIncomingConnector] Listening on [3744e6d9-6351-4fd5-a6a6-dc025f42b5ca port:38675, addresses:[localhost/127.0.0.1]].
2024-11-15T20:22:33.256+0100 [DEBUG] [org.gradle.launcher.daemon.server.Daemon] Daemon starting at: Fri Nov 15 20:22:33 CET 2024, with address: [3744e6d9-6351-4fd5-a6a6-dc025f42b5ca port:38675, addresses:[localhost/127.0.0.1]]
2024-11-15T20:22:33.257+0100 [INFO] [org.gradle.launcher.daemon.server.DaemonRegistryUpdater] Advertising the daemon address to the clients: [3744e6d9-6351-4fd5-a6a6-dc025f42b5ca port:38675, addresses:[localhost/127.0.0.1]]
2024-11-15T20:22:33.258+0100 [DEBUG] [org.gradle.launcher.daemon.server.DaemonRegistryUpdater] Advertised daemon context: DefaultDaemonContext[uid=5d742cc5-662c-4a5c-9830-90d4a3f4f141,javaHome=/home/ignacio/Descargas/android-studio/jbr,daemonRegistryDir=/home/ignacio/AndroidStudioProjects/netflix/daemon,pid=45514,idleTimeout=10800000,priority=NORMAL,applyInstrumentationAgent=true,daemonOpts=--add-opens=java.base/java.util=ALL-UNNAMED,--add-opens=java.base/java.lang=ALL-UNNAMED,--add-opens=java.base/java.lang.invoke=ALL-UNNAMED,--add-opens=java.prefs/java.util.prefs=ALL-UNNAMED,--add-opens=java.base/java.nio.charset=ALL-UNNAMED,--add-opens=java.base/java.net=ALL-UNNAMED,--add-opens=java.base/java.util.concurrent.atomic=ALL-UNNAMED,-Xmx2048m,-Dfile.encoding=UTF-8,-Duser.country=ES,-Duser.language=es,-Duser.variant]
2024-11-15T20:22:33.260+0100 [DEBUG] [org.gradle.launcher.daemon.registry.PersistentDaemonRegistry] Storing daemon address: [3744e6d9-6351-4fd5-a6a6-dc025f42b5ca port:38675, addresses:[localhost/127.0.0.1]], context: DefaultDaemonContext[uid=5d742cc5-662c-4a5c-9830-90d4a3f4f141,javaHome=/home/ignacio/Descargas/android-studio/jbr,daemonRegistryDir=/home/ignacio/AndroidStudioProjects/netflix/daemon,pid=45514,idleTimeout=10800000,priority=NORMAL,applyInstrumentationAgent=true,daemonOpts=--add-opens=java.base/java.util=ALL-UNNAMED,--add-opens=java.base/java.lang=ALL-UNNAMED,--add-opens=java.base/java.lang.invoke=ALL-UNNAMED,--add-opens=java.prefs/java.util.prefs=ALL-UNNAMED,--add-opens=java.base/java.nio.charset=ALL-UNNAMED,--add-opens=java.base/java.net=ALL-UNNAMED,--add-opens=java.base/java.util.concurrent.atomic=ALL-UNNAMED,-Xmx2048m,-Dfile.encoding=UTF-8,-Duser.country=ES,-Duser.language=es,-Duser.variant]
2024-11-15T20:22:33.285+0100 [DEBUG] [org.gradle.cache.internal.DefaultFileLockManager] Waiting to acquire exclusive lock on daemon addresses registry.
2024-11-15T20:22:33.294+0100 [DEBUG] [org.gradle.cache.internal.DefaultFileLockManager] Lock acquired on daemon addresses registry.
2024-11-15T20:22:33.304+0100 [DEBUG] [org.gradle.cache.internal.DefaultFileLockManager] Releasing lock on daemon addresses registry.
2024-11-15T20:22:33.304+0100 [LIFECYCLE] [org.gradle.launcher.daemon.server.Daemon] Daemon server started.
2024-11-15T20:22:33.307+0100 [DEBUG] [org.gradle.launcher.daemon.bootstrap.DaemonStartupCommunication] Completed writing the daemon greeting. Closing streams...
2024-11-15T20:22:33.318+0100 [DEBUG] [org.gradle.launcher.daemon.server.Daemon] stopOnExpiration() called on daemon
2024-11-15T20:22:33.320+0100 [DEBUG] [org.gradle.launcher.daemon.server.Daemon] awaitExpiration() called on daemon
2024-11-15T20:22:33.321+0100 [DEBUG] [org.gradle.launcher.daemon.server.DaemonStateCoordinator] daemon is running. Sleeping until state changes.
2024-11-15T20:22:33.328+0100 [DEBUG] [org.gradle.internal.remote.internal.inet.TcpIncomingConnector] Accepted connection from /127.0.0.1:55942 to /127.0.0.1:38675.
2024-11-15T20:22:33.404+0100 [DEBUG] [org.gradle.launcher.daemon.server.SynchronizedDispatchConnection] thread 21: received class org.gradle.launcher.daemon.protocol.Build
2024-11-15T20:22:33.405+0100 [DEBUG] [org.gradle.launcher.daemon.server.DefaultDaemonConnection] thread 21: Received non-IO message from client: Build{id=ce6c48ed-5751-4c34-8541-d72ddb4eddba, currentDir=/home/ignacio/AndroidStudioProjects/netflix}
2024-11-15T20:22:33.405+0100 [INFO] [org.gradle.launcher.daemon.server.DefaultIncomingConnectionHandler] Received command: Build{id=ce6c48ed-5751-4c34-8541-d72ddb4eddba, currentDir=/home/ignacio/AndroidStudioProjects/netflix}.
2024-11-15T20:22:33.406+0100 [DEBUG] [org.gradle.launcher.daemon.server.DefaultIncomingConnectionHandler] Starting executing command: Build{id=ce6c48ed-5751-4c34-8541-d72ddb4eddba, currentDir=/home/ignacio/AndroidStudioProjects/netflix} with connection: socket connection from /127.0.0.1:38675 to /127.0.0.1:55942.
2024-11-15T20:22:33.410+0100 [DEBUG] [org.gradle.launcher.daemon.server.DaemonStateCoordinator] Command execution: started DaemonCommandExecution[command = Build{id=ce6c48ed-5751-4c34-8541-d72ddb4eddba, currentDir=/home/ignacio/AndroidStudioProjects/netflix}, connection = DefaultDaemonConnection: socket connection from /127.0.0.1:38675 to /127.0.0.1:55942] after 0.0 minutes of idle
2024-11-15T20:22:33.410+0100 [INFO] [org.gradle.launcher.daemon.server.DaemonRegistryUpdater] Marking the daemon as busy, address: [3744e6d9-6351-4fd5-a6a6-dc025f42b5ca port:38675, addresses:[localhost/127.0.0.1]]
2024-11-15T20:22:33.411+0100 [DEBUG] [org.gradle.launcher.daemon.registry.PersistentDaemonRegistry] Marking busy by address: [3744e6d9-6351-4fd5-a6a6-dc025f42b5ca port:38675, addresses:[localhost/127.0.0.1]]
2024-11-15T20:22:33.412+0100 [DEBUG] [org.gradle.cache.internal.DefaultFileLockManager] Waiting to acquire exclusive lock on daemon addresses registry.
2024-11-15T20:22:33.412+0100 [DEBUG] [org.gradle.cache.internal.DefaultFileLockManager] Lock acquired on daemon addresses registry.
2024-11-15T20:22:33.413+0100 [DEBUG] [org.gradle.cache.internal.DefaultFileLockManager] Releasing lock on daemon addresses registry.
2024-11-15T20:22:33.415+0100 [DEBUG] [org.gradle.launcher.daemon.server.DaemonStateCoordinator] resetting idle timer
2024-11-15T20:22:33.416+0100 [INFO] [org.gradle.launcher.daemon.server.exec.StartBuildOrRespondWithBusy] Daemon is about to start building Build{id=ce6c48ed-5751-4c34-8541-d72ddb4eddba, currentDir=/home/ignacio/AndroidStudioProjects/netflix}. Dispatching build started information...
2024-11-15T20:22:33.416+0100 [DEBUG] [org.gradle.launcher.daemon.server.DaemonStateCoordinator] daemon is running. Sleeping until state changes.
2024-11-15T20:22:33.417+0100 [DEBUG] [org.gradle.launcher.daemon.server.SynchronizedDispatchConnection] thread 23: dispatching org.gradle.launcher.daemon.protocol.BuildStarted@156a47df
2024-11-15T20:22:33.419+0100 [DEBUG] [org.gradle.launcher.daemon.server.exec.EstablishBuildEnvironment] Configuring env variables: [PATH, INVOCATION_ID, XAUTHORITY, XMODIFIERS, GDMSESSION, XDG_DATA_DIRS, QT_IM_MODULE, GTK_IM_MODULE, XDG_CONFIG_DIRS, LANG, DBUS_SESSION_BUS_ADDRESS, XDG_SESSION_TYPE, XDG_CURRENT_DESKTOP, JOURNAL_STREAM, DISPLAY, LIBVIRT_DEFAULT_URI, USERNAME, SESSION_MANAGER, LOGNAME, PWD, MANAGERPID, XDG_SESSION_CLASS, GJS_DEBUG_TOPICS, SHELL, GIO_LAUNCHED_DESKTOP_FILE, GPG_AGENT_INFO, DESKTOP_SESSION, USER, XDG_MENU_PREFIX, GIO_LAUNCHED_DESKTOP_FILE_PID, WINDOWPATH, QT_ACCESSIBILITY, GJS_DEBUG_OUTPUT, GNOME_DESKTOP_SESSION_ID, GTK_MODULES, SSH_AUTH_SOCK, GNOME_SHELL_SESSION_MODE, SYSTEMD_EXEC_PID, XDG_RUNTIME_DIR, XDG_SESSION_DESKTOP, SSH_AGENT_LAUNCHER, SHLVL, HOME]
2024-11-15T20:22:33.428+0100 [DEBUG] [org.gradle.launcher.daemon.server.SynchronizedDispatchConnection] thread 21: received class org.gradle.launcher.daemon.protocol.CloseInput
2024-11-15T20:22:33.428+0100 [DEBUG] [org.gradle.launcher.daemon.server.DefaultDaemonConnection] thread 21: Received IO message from client: org.gradle.launcher.daemon.protocol.CloseInput@70299a60
2024-11-15T20:22:33.430+0100 [DEBUG] [org.gradle.launcher.daemon.server.exec.LogToClient] About to start relaying all logs to the client via the connection.
2024-11-15T20:22:33.431+0100 [INFO] [org.gradle.launcher.daemon.server.exec.LogToClient] The client will now receive all logging from the daemon (pid: 45514). The daemon log file: /home/ignacio/AndroidStudioProjects/netflix/daemon/8.7/daemon-45514.out.log
2024-11-15T20:22:33.435+0100 [INFO] [org.gradle.launcher.daemon.server.exec.LogAndCheckHealth] Starting build in new daemon [memory: 2 GiB]
2024-11-15T20:22:33.439+0100 [INFO] [org.gradle.launcher.daemon.server.exec.ForwardClientInput] Closing daemon's stdin at end of input.
2024-11-15T20:22:33.440+0100 [INFO] [org.gradle.launcher.daemon.server.exec.ForwardClientInput] The daemon will no longer process any standard input.
2024-11-15T20:22:33.442+0100 [DEBUG] [org.gradle.launcher.daemon.server.exec.ExecuteBuild] The daemon has started executing the build.
2024-11-15T20:22:33.443+0100 [DEBUG] [org.gradle.launcher.daemon.server.exec.ExecuteBuild] Executing build with daemon context: DefaultDaemonContext[uid=5d742cc5-662c-4a5c-9830-90d4a3f4f141,javaHome=/home/ignacio/Descargas/android-studio/jbr,daemonRegistryDir=/home/ignacio/AndroidStudioProjects/netflix/daemon,pid=45514,idleTimeout=10800000,priority=NORMAL,applyInstrumentationAgent=true,daemonOpts=--add-opens=java.base/java.util=ALL-UNNAMED,--add-opens=java.base/java.lang=ALL-UNNAMED,--add-opens=java.base/java.lang.invoke=ALL-UNNAMED,--add-opens=java.prefs/java.util.prefs=ALL-UNNAMED,--add-opens=java.base/java.nio.charset=ALL-UNNAMED,--add-opens=java.base/java.net=ALL-UNNAMED,--add-opens=java.base/java.util.concurrent.atomic=ALL-UNNAMED,-Xmx2048m,-Dfile.encoding=UTF-8,-Duser.country=ES,-Duser.language=es,-Duser.variant]

Deprecated Gradle features were used in this build, making it incompatible with Gradle 9.0.

You can use '--warning-mode all' to show the individual deprecation warnings and determine if they come from your own scripts or plugins.

For more on this, please refer to https://docs.gradle.org/8.7/userguide/command_line_interface.html#sec:command_line_warnings in the Gradle documentation.

BUILD SUCCESSFUL in 24s
34 actionable tasks: 34 up-to-date
2024-11-15T20:22:54.645+0100 [DEBUG] [org.gradle.launcher.daemon.server.exec.ExecuteBuild] The daemon has finished executing the build.
2024-11-15T20:22:54.651+0100 [DEBUG] [org.gradle.launcher.daemon.server.DaemonStateCoordinator] Command execution: finished waiting for DaemonCommandExecution[command = Build{id=ce6c48ed-5751-4c34-8541-d72ddb4eddba, currentDir=/home/ignacio/AndroidStudioProjects/netflix}, connection = DefaultDaemonConnection: socket connection from /127.0.0.1:38675 to /127.0.0.1:55942]. Result org.gradle.launcher.daemon.server.DaemonStateCoordinator@2ba32da with state Busy
2024-11-15T20:22:54.651+0100 [DEBUG] [org.gradle.launcher.daemon.server.DaemonStateCoordinator] Command execution: completed DaemonCommandExecution[command = Build{id=ce6c48ed-5751-4c34-8541-d72ddb4eddba, currentDir=/home/ignacio/AndroidStudioProjects/netflix}, connection = DefaultDaemonConnection: socket connection from /127.0.0.1:38675 to /127.0.0.1:55942]
2024-11-15T20:22:54.651+0100 [DEBUG] [org.gradle.launcher.daemon.server.DaemonStateCoordinator] resetting idle timer
2024-11-15T20:22:54.651+0100 [INFO] [org.gradle.launcher.daemon.server.DaemonRegistryUpdater] Marking the daemon as idle, address: [3744e6d9-6351-4fd5-a6a6-dc025f42b5ca port:38675, addresses:[localhost/127.0.0.1]]
2024-11-15T20:22:54.652+0100 [DEBUG] [org.gradle.launcher.daemon.registry.PersistentDaemonRegistry] Marking busy by address: [3744e6d9-6351-4fd5-a6a6-dc025f42b5ca port:38675, addresses:[localhost/127.0.0.1]]
2024-11-15T20:22:54.652+0100 [DEBUG] [org.gradle.cache.internal.DefaultFileLockManager] Waiting to acquire exclusive lock on daemon addresses registry.
2024-11-15T20:22:54.652+0100 [DEBUG] [org.gradle.cache.internal.DefaultFileLockManager] Lock acquired on daemon addresses registry.
2024-11-15T20:22:54.653+0100 [DEBUG] [org.gradle.cache.internal.DefaultFileLockManager] Releasing lock on daemon addresses registry.
2024-11-15T20:22:54.654+0100 [DEBUG] [org.gradle.launcher.daemon.server.DaemonStateCoordinator] daemon is running. Sleeping until state changes.
2024-11-15T20:22:54.654+0100 [DEBUG] [org.gradle.launcher.daemon.server.exec.ReturnResult] Daemon is dispatching the build result: Success[value=org.gradle.launcher.exec.BuildActionResult@6ca1bc37]
2024-11-15T20:22:54.654+0100 [DEBUG] [org.gradle.launcher.daemon.server.SynchronizedDispatchConnection] thread 20: dispatching Success[value=org.gradle.launcher.exec.BuildActionResult@6ca1bc37]
2024-11-15T20:22:54.656+0100 [DEBUG] [org.gradle.launcher.daemon.server.exec.CleanUpVirtualFileSystemAfterBuild] Cleaning virtual file system after build finished
2024-11-15T20:22:54.656+0100 [DEBUG] [org.gradle.launcher.daemon.server.DefaultIncomingConnectionHandler] Finishing executing command: Build{id=ce6c48ed-5751-4c34-8541-d72ddb4eddba, currentDir=/home/ignacio/AndroidStudioProjects/netflix}
2024-11-15T20:22:54.656+0100 [DEBUG] [org.gradle.launcher.daemon.server.SynchronizedDispatchConnection] thread 21: received class org.gradle.launcher.daemon.protocol.Finished
2024-11-15T20:22:54.657+0100 [DEBUG] [org.gradle.launcher.daemon.server.DefaultDaemonConnection] thread 21: Received non-IO message from client: org.gradle.launcher.daemon.protocol.Finished@650fa64d
2024-11-15T20:22:54.657+0100 [DEBUG] [org.gradle.launcher.daemon.server.DefaultIncomingConnectionHandler] Received finished message: org.gradle.launcher.daemon.protocol.Finished@650fa64d
2024-11-15T20:22:54.657+0100 [DEBUG] [org.gradle.launcher.daemon.server.SynchronizedDispatchConnection] thread 20: stopping connection
2024-11-15T20:22:54.658+0100 [DEBUG] [org.gradle.internal.remote.internal.inet.SocketConnection] Discarding EOFException: java.io.EOFException
2024-11-15T20:22:54.658+0100 [DEBUG] [org.gradle.launcher.daemon.server.SynchronizedDispatchConnection] thread 21: received null
2024-11-15T20:22:54.658+0100 [DEBUG] [org.gradle.launcher.daemon.server.DefaultDaemonConnection] thread 21: Received end-of-input from client.
2024-11-15T20:22:54.659+0100 [DEBUG] [org.gradle.launcher.daemon.server.SynchronizedDispatchConnection] thread 20: stopping connection
2024-11-15T20:23:03.320+0100 [DEBUG] [org.gradle.cache.internal.DefaultFileLockManager] Waiting to acquire shared lock on daemon addresses registry.
2024-11-15T20:23:03.322+0100 [DEBUG] [org.gradle.cache.internal.DefaultFileLockManager] Lock acquired on daemon addresses registry.
2024-11-15T20:23:03.322+0100 [DEBUG] [org.gradle.cache.internal.DefaultFileLockManager] Releasing lock on daemon addresses registry.
2024-11-15T20:23:03.328+0100 [DEBUG] [org.gradle.cache.internal.DefaultFileLockManager] Waiting to acquire shared lock on daemon addresses registry.
2024-11-15T20:23:03.329+0100 [DEBUG] [org.gradle.cache.internal.DefaultFileLockManager] Lock acquired on daemon addresses registry.
2024-11-15T20:23:03.329+0100 [DEBUG] [org.gradle.cache.internal.DefaultFileLockManager] Releasing lock on daemon addresses registry.
2024-11-15T20:23:13.320+0100 [DEBUG] [org.gradle.cache.internal.DefaultFileLockManager] Waiting to acquire shared lock on daemon addresses registry.
2024-11-15T20:23:13.321+0100 [DEBUG] [org.gradle.cache.internal.DefaultFileLockManager] Lock acquired on daemon addresses registry.
2024-11-15T20:23:13.321+0100 [DEBUG] [org.gradle.cache.internal.DefaultFileLockManager] Releasing lock on daemon addresses registry.
2024-11-15T20:23:13.322+0100 [DEBUG] [org.gradle.cache.internal.DefaultFileLockManager] Waiting to acquire shared lock on daemon addresses registry.
2024-11-15T20:23:13.323+0100 [DEBUG] [org.gradle.cache.internal.DefaultFileLockManager] Lock acquired on daemon addresses registry.
2024-11-15T20:23:13.323+0100 [DEBUG] [org.gradle.cache.internal.DefaultFileLockManager] Releasing lock on daemon addresses registry.
2024-11-15T20:23:13.324+0100 [DEBUG] [org.gradle.cache.internal.DefaultFileLockManager] Waiting to acquire shared lock on daemon addresses registry.
2024-11-15T20:23:13.324+0100 [DEBUG] [org.gradle.cache.internal.DefaultFileLockManager] Lock acquired on daemon addresses registry.
2024-11-15T20:23:13.324+0100 [DEBUG] [org.gradle.cache.internal.DefaultFileLockManager] Releasing lock on daemon addresses registry.
2024-11-15T20:23:23.321+0100 [DEBUG] [org.gradle.cache.internal.DefaultFileLockManager] Waiting to acquire shared lock on daemon addresses registry.
2024-11-15T20:23:23.321+0100 [DEBUG] [org.gradle.cache.internal.DefaultFileLockManager] Lock acquired on daemon addresses registry.
2024-11-15T20:23:23.322+0100 [DEBUG] [org.gradle.cache.internal.DefaultFileLockManager] Releasing lock on daemon addresses registry.
2024-11-15T20:23:23.323+0100 [DEBUG] [org.gradle.cache.internal.DefaultFileLockManager] Waiting to acquire shared lock on daemon addresses registry.
2024-11-15T20:23:23.323+0100 [DEBUG] [org.gradle.cache.internal.DefaultFileLockManager] Lock acquired on daemon addresses registry.
2024-11-15T20:23:23.324+0100 [DEBUG] [org.gradle.cache.internal.DefaultFileLockManager] Releasing lock on daemon addresses registry.
2024-11-15T20:23:23.324+0100 [DEBUG] [org.gradle.cache.internal.DefaultFileLockManager] Waiting to acquire shared lock on daemon addresses registry.
2024-11-15T20:23:23.325+0100 [DEBUG] [org.gradle.cache.internal.DefaultFileLockManager] Lock acquired on daemon addresses registry.
2024-11-15T20:23:23.325+0100 [DEBUG] [org.gradle.cache.internal.DefaultFileLockManager] Releasing lock on daemon addresses registry.
2024-11-15T20:23:33.321+0100 [DEBUG] [org.gradle.cache.internal.DefaultFileLockManager] Waiting to acquire shared lock on daemon addresses registry.
2024-11-15T20:23:33.321+0100 [DEBUG] [org.gradle.cache.internal.DefaultFileLockManager] Lock acquired on daemon addresses registry.
2024-11-15T20:23:33.321+0100 [DEBUG] [org.gradle.cache.internal.DefaultFileLockManager] Releasing lock on daemon addresses registry.
2024-11-15T20:23:33.322+0100 [DEBUG] [org.gradle.cache.internal.DefaultFileLockManager] Waiting to acquire shared lock on daemon addresses registry.
2024-11-15T20:23:33.322+0100 [DEBUG] [org.gradle.cache.internal.DefaultFileLockManager] Lock acquired on daemon addresses registry.
2024-11-15T20:23:33.323+0100 [DEBUG] [org.gradle.cache.internal.DefaultFileLockManager] Releasing lock on daemon addresses registry.
2024-11-15T20:23:33.323+0100 [DEBUG] [org.gradle.cache.internal.DefaultFileLockManager] Waiting to acquire shared lock on daemon addresses registry.
2024-11-15T20:23:33.324+0100 [DEBUG] [org.gradle.cache.internal.DefaultFileLockManager] Lock acquired on daemon addresses registry.
2024-11-15T20:23:33.324+0100 [DEBUG] [org.gradle.cache.internal.DefaultFileLockManager] Releasing lock on daemon addresses registry.
2024-11-15T20:23:43.321+0100 [DEBUG] [org.gradle.cache.internal.DefaultFileLockManager] Waiting to acquire shared lock on daemon addresses registry.
2024-11-15T20:23:43.321+0100 [DEBUG] [org.gradle.cache.internal.DefaultFileLockManager] Lock acquired on daemon addresses registry.
2024-11-15T20:23:43.322+0100 [DEBUG] [org.gradle.cache.internal.DefaultFileLockManager] Releasing lock on daemon addresses registry.
2024-11-15T20:23:43.322+0100 [DEBUG] [org.gradle.cache.internal.DefaultFileLockManager] Waiting to acquire shared lock on daemon addresses registry.
2024-11-15T20:23:43.322+0100 [DEBUG] [org.gradle.cache.internal.DefaultFileLockManager] Lock acquired on daemon addresses registry.
2024-11-15T20:23:43.323+0100 [DEBUG] [org.gradle.cache.internal.DefaultFileLockManager] Releasing lock on daemon addresses registry.
2024-11-15T20:23:43.323+0100 [DEBUG] [org.gradle.cache.internal.DefaultFileLockManager] Waiting to acquire shared lock on daemon addresses registry.
2024-11-15T20:23:43.324+0100 [DEBUG] [org.gradle.cache.internal.DefaultFileLockManager] Lock acquired on daemon addresses registry.
2024-11-15T20:23:43.324+0100 [DEBUG] [org.gradle.cache.internal.DefaultFileLockManager] Releasing lock on daemon addresses registry.
2024-11-15T20:23:48.160+0100 [DEBUG] [org.gradle.internal.remote.internal.inet.TcpIncomingConnector] Accepted connection from /127.0.0.1:56698 to /127.0.0.1:38675.
2024-11-15T20:23:48.168+0100 [DEBUG] [org.gradle.launcher.daemon.server.SynchronizedDispatchConnection] thread 131: received class org.gradle.launcher.daemon.protocol.StopWhenIdle
2024-11-15T20:23:48.169+0100 [DEBUG] [org.gradle.launcher.daemon.server.DefaultDaemonConnection] thread 131: Received non-IO message from client: StopWhenIdle[id=43b4aa70-ea40-4323-bb62-b2bc5145ac2e]
2024-11-15T20:23:48.169+0100 [INFO] [org.gradle.launcher.daemon.server.DefaultIncomingConnectionHandler] Received command: StopWhenIdle[id=43b4aa70-ea40-4323-bb62-b2bc5145ac2e].
2024-11-15T20:23:48.169+0100 [DEBUG] [org.gradle.launcher.daemon.server.DefaultIncomingConnectionHandler] Starting executing command: StopWhenIdle[id=43b4aa70-ea40-4323-bb62-b2bc5145ac2e] with connection: socket connection from /127.0.0.1:38675 to /127.0.0.1:56698.
2024-11-15T20:23:48.169+0100 [DEBUG] [org.gradle.launcher.daemon.server.DaemonRegistryUpdater] Storing daemon stop event: stop command received
2024-11-15T20:23:48.170+0100 [DEBUG] [org.gradle.launcher.daemon.registry.PersistentDaemonRegistry] Storing daemon stop event with timestamp 1731698628170
2024-11-15T20:23:48.173+0100 [DEBUG] [org.gradle.cache.internal.DefaultFileLockManager] Waiting to acquire exclusive lock on daemon addresses registry.
2024-11-15T20:23:48.173+0100 [DEBUG] [org.gradle.cache.internal.DefaultFileLockManager] Lock acquired on daemon addresses registry.
2024-11-15T20:23:48.174+0100 [DEBUG] [org.gradle.cache.internal.DefaultFileLockManager] Releasing lock on daemon addresses registry.
2024-11-15T20:23:48.175+0100 [LIFECYCLE] [org.gradle.launcher.daemon.server.DaemonStateCoordinator] Daemon will be stopped at the end of the build stop command received
2024-11-15T20:23:48.175+0100 [DEBUG] [org.gradle.launcher.daemon.server.DaemonStateCoordinator] Marking daemon stopped due to stop command received. The daemon is running a build: false
2024-11-15T20:23:48.175+0100 [DEBUG] [org.gradle.launcher.daemon.server.SynchronizedDispatchConnection] thread 20: dispatching Success[value=null]
2024-11-15T20:23:48.175+0100 [DEBUG] [org.gradle.launcher.daemon.server.DefaultIncomingConnectionHandler] Finishing executing command: StopWhenIdle[id=43b4aa70-ea40-4323-bb62-b2bc5145ac2e]
2024-11-15T20:23:48.176+0100 [DEBUG] [org.gradle.launcher.daemon.server.DaemonStateCoordinator] daemon has stopped.
2024-11-15T20:23:48.176+0100 [DEBUG] [org.gradle.launcher.daemon.server.Daemon] stop() called on daemon
2024-11-15T20:23:48.176+0100 [INFO] [org.gradle.launcher.daemon.server.Daemon] Stop requested. Daemon is removing its presence from the registry...
2024-11-15T20:23:48.177+0100 [DEBUG] [org.gradle.launcher.daemon.server.DaemonRegistryUpdater] Removing our presence to clients, eg. removing this address from the registry: [3744e6d9-6351-4fd5-a6a6-dc025f42b5ca port:38675, addresses:[localhost/127.0.0.1]]
2024-11-15T20:23:48.177+0100 [DEBUG] [org.gradle.launcher.daemon.registry.PersistentDaemonRegistry] Removing daemon address: [3744e6d9-6351-4fd5-a6a6-dc025f42b5ca port:38675, addresses:[localhost/127.0.0.1]]
2024-11-15T20:23:48.178+0100 [DEBUG] [org.gradle.cache.internal.DefaultFileLockManager] Waiting to acquire exclusive lock on daemon addresses registry.
2024-11-15T20:23:48.178+0100 [DEBUG] [org.gradle.launcher.daemon.server.SynchronizedDispatchConnection] thread 131: received class org.gradle.launcher.daemon.protocol.Finished
2024-11-15T20:23:48.179+0100 [DEBUG] [org.gradle.launcher.daemon.server.DefaultDaemonConnection] thread 131: Received non-IO message from client: org.gradle.launcher.daemon.protocol.Finished@5b4cebf
2024-11-15T20:23:48.179+0100 [DEBUG] [org.gradle.cache.internal.DefaultFileLockManager] Lock acquired on daemon addresses registry.
2024-11-15T20:23:48.179+0100 [DEBUG] [org.gradle.launcher.daemon.server.DefaultIncomingConnectionHandler] Received finished message: org.gradle.launcher.daemon.protocol.Finished@5b4cebf
2024-11-15T20:23:48.179+0100 [DEBUG] [org.gradle.launcher.daemon.server.SynchronizedDispatchConnection] thread 20: stopping connection
2024-11-15T20:23:48.180+0100 [DEBUG] [org.gradle.internal.remote.internal.inet.SocketConnection] Discarding EOFException: java.io.EOFException
2024-11-15T20:23:48.180+0100 [DEBUG] [org.gradle.launcher.daemon.server.SynchronizedDispatchConnection] thread 131: received null
2024-11-15T20:23:48.180+0100 [DEBUG] [org.gradle.launcher.daemon.server.DefaultDaemonConnection] thread 131: Received end-of-input from client.
2024-11-15T20:23:48.181+0100 [DEBUG] [org.gradle.cache.internal.DefaultFileLockManager] Releasing lock on daemon addresses registry.
2024-11-15T20:23:48.182+0100 [DEBUG] [org.gradle.launcher.daemon.server.SynchronizedDispatchConnection] thread 20: stopping connection
2024-11-15T20:23:48.182+0100 [DEBUG] [org.gradle.launcher.daemon.server.DaemonRegistryUpdater] Address removed from registry.
2024-11-15T20:23:48.187+0100 [DEBUG] [org.gradle.cache.internal.DefaultPersistentDirectoryStore] jars (/home/ignacio/AndroidStudioProjects/netflix/caches/jars-9) has last been fully cleaned up 24 hours ago
2024-11-15T20:23:48.190+0100 [INFO] [org.gradle.cache.internal.AbstractCacheCleanup] jars (/home/ignacio/AndroidStudioProjects/netflix/caches/jars-9) cleanup deleted 0 files/directories.
2024-11-15T20:23:48.190+0100 [INFO] [org.gradle.cache.internal.LeastRecentlyUsedCacheCleanup] jars (/home/ignacio/AndroidStudioProjects/netflix/caches/jars-9) removing files not accessed on or after Fri Nov 08 20:22:37 CET 2024.
2024-11-15T20:23:48.196+0100 [INFO] [org.gradle.cache.internal.AbstractCacheCleanup] jars (/home/ignacio/AndroidStudioProjects/netflix/caches/jars-9) cleanup deleted 0 files/directories.
2024-11-15T20:23:48.197+0100 [INFO] [org.gradle.cache.internal.DefaultPersistentDirectoryStore] jars (/home/ignacio/AndroidStudioProjects/netflix/caches/jars-9) cleaned up in 0.009 secs.
2024-11-15T20:23:48.197+0100 [DEBUG] [org.gradle.cache.internal.DefaultCacheCoordinator] Cache jars (/home/ignacio/AndroidStudioProjects/netflix/caches/jars-9) was closed 0 times.
2024-11-15T20:23:48.197+0100 [DEBUG] [org.gradle.cache.internal.LockOnDemandCrossProcessCacheAccess] Releasing file lock for file content cache (/home/ignacio/AndroidStudioProjects/netflix/caches/8.7/fileContent)
2024-11-15T20:23:48.198+0100 [DEBUG] [org.gradle.cache.internal.DefaultFileLockManager] Releasing lock on file content cache (/home/ignacio/AndroidStudioProjects/netflix/caches/8.7/fileContent).
2024-11-15T20:23:48.198+0100 [DEBUG] [org.gradle.internal.watch.vfs.impl.WatchingVirtualFileSystem] Closing VFS, dropping state
2024-11-15T20:23:48.207+0100 [DEBUG] [org.gradle.internal.watch.registry.impl.DefaultFileWatcherRegistry] Finished listening to file system change events
2024-11-15T20:23:48.207+0100 [DEBUG] [org.gradle.cache.internal.LockOnDemandCrossProcessCacheAccess] Releasing file lock for Generated Gradle JARs cache (/home/ignacio/AndroidStudioProjects/netflix/caches/8.7/generated-gradle-jars)
2024-11-15T20:23:48.207+0100 [DEBUG] [org.gradle.cache.internal.DefaultFileLockManager] Releasing lock on Generated Gradle JARs cache (/home/ignacio/AndroidStudioProjects/netflix/caches/8.7/generated-gradle-jars).
2024-11-15T20:23:48.208+0100 [DEBUG] [org.gradle.cache.internal.DefaultPersistentDirectoryStore] Artifact transforms cache (/home/ignacio/AndroidStudioProjects/netflix/caches/transforms-4) has last been fully cleaned up 24 hours ago
2024-11-15T20:23:48.208+0100 [INFO] [org.gradle.cache.internal.LeastRecentlyUsedCacheCleanup] Artifact transforms cache (/home/ignacio/AndroidStudioProjects/netflix/caches/transforms-4) removing files not accessed on or after Fri Nov 08 20:22:37 CET 2024.
2024-11-15T20:23:48.474+0100 [INFO] [org.gradle.cache.internal.AbstractCacheCleanup] Artifact transforms cache (/home/ignacio/AndroidStudioProjects/netflix/caches/transforms-4) cleanup deleted 0 files/directories.
2024-11-15T20:23:48.475+0100 [INFO] [org.gradle.cache.internal.DefaultPersistentDirectoryStore] Artifact transforms cache (/home/ignacio/AndroidStudioProjects/netflix/caches/transforms-4) cleaned up in 0.266 secs.
2024-11-15T20:23:48.475+0100 [DEBUG] [org.gradle.cache.internal.DefaultCacheCoordinator] Cache Artifact transforms cache (/home/ignacio/AndroidStudioProjects/netflix/caches/transforms-4) was closed 0 times.
2024-11-15T20:23:48.475+0100 [DEBUG] [org.gradle.cache.internal.LockOnDemandCrossProcessCacheAccess] Releasing file lock for artifact cache (/home/ignacio/AndroidStudioProjects/netflix/caches/modules-2)
2024-11-15T20:23:48.475+0100 [DEBUG] [org.gradle.cache.internal.btree.BTreePersistentIndexedCache] Closing cache module-artifact.bin (/home/ignacio/AndroidStudioProjects/netflix/caches/modules-2/metadata-2.106/module-artifact.bin)
2024-11-15T20:23:48.475+0100 [DEBUG] [org.gradle.cache.internal.btree.BTreePersistentIndexedCache] Closing cache module-metadata.bin (/home/ignacio/AndroidStudioProjects/netflix/caches/modules-2/metadata-2.106/module-metadata.bin)
2024-11-15T20:23:48.476+0100 [DEBUG] [org.gradle.cache.internal.DefaultFileLockManager] Releasing lock on artifact cache (/home/ignacio/AndroidStudioProjects/netflix/caches/modules-2).
2024-11-15T20:23:48.476+0100 [DEBUG] [org.gradle.cache.internal.DefaultPersistentDirectoryStore] artifact cache (/home/ignacio/AndroidStudioProjects/netflix/caches/modules-2) has last been fully cleaned up 24 hours ago
2024-11-15T20:23:48.477+0100 [INFO] [org.gradle.cache.internal.AbstractCacheCleanup] artifact cache (/home/ignacio/AndroidStudioProjects/netflix/caches/modules-2) cleanup deleted 0 files/directories.
2024-11-15T20:23:48.478+0100 [INFO] [org.gradle.cache.internal.AbstractCacheCleanup] artifact cache (/home/ignacio/AndroidStudioProjects/netflix/caches/modules-2) [subdir: /home/ignacio/AndroidStudioProjects/netflix/caches/modules-2/resources-2.1] cleanup deleted 0 files/directories.
2024-11-15T20:23:48.479+0100 [INFO] [org.gradle.cache.internal.LeastRecentlyUsedCacheCleanup] artifact cache (/home/ignacio/AndroidStudioProjects/netflix/caches/modules-2) [subdir: /home/ignacio/AndroidStudioProjects/netflix/caches/modules-2/resources-2.1] removing files not accessed on or after Wed Oct 16 21:22:37 CEST 2024.
2024-11-15T20:23:48.479+0100 [INFO] [org.gradle.cache.internal.AbstractCacheCleanup] artifact cache (/home/ignacio/AndroidStudioProjects/netflix/caches/modules-2) [subdir: /home/ignacio/AndroidStudioProjects/netflix/caches/modules-2/resources-2.1] cleanup deleted 0 files/directories.
2024-11-15T20:23:48.480+0100 [INFO] [org.gradle.cache.internal.AbstractCacheCleanup] artifact cache (/home/ignacio/AndroidStudioProjects/netflix/caches/modules-2) [subdir: /home/ignacio/AndroidStudioProjects/netflix/caches/modules-2/files-2.1] cleanup deleted 0 files/directories.
2024-11-15T20:23:48.480+0100 [INFO] [org.gradle.cache.internal.LeastRecentlyUsedCacheCleanup] artifact cache (/home/ignacio/AndroidStudioProjects/netflix/caches/modules-2) [subdir: /home/ignacio/AndroidStudioProjects/netflix/caches/modules-2/files-2.1] removing files not accessed on or after Wed Oct 16 21:22:37 CEST 2024.
2024-11-15T20:23:48.588+0100 [INFO] [org.gradle.cache.internal.AbstractCacheCleanup] artifact cache (/home/ignacio/AndroidStudioProjects/netflix/caches/modules-2) [subdir: /home/ignacio/AndroidStudioProjects/netflix/caches/modules-2/files-2.1] cleanup deleted 0 files/directories.
2024-11-15T20:23:48.589+0100 [INFO] [org.gradle.cache.internal.AbstractCacheCleanup] artifact cache (/home/ignacio/AndroidStudioProjects/netflix/caches/modules-2) [subdir: /home/ignacio/AndroidStudioProjects/netflix/caches/modules-2/metadata-2.106] cleanup deleted 0 files/directories.
2024-11-15T20:23:48.589+0100 [INFO] [org.gradle.cache.internal.DefaultPersistentDirectoryStore] artifact cache (/home/ignacio/AndroidStudioProjects/netflix/caches/modules-2) cleaned up in 0.112 secs.
2024-11-15T20:23:48.590+0100 [DEBUG] [org.gradle.cache.internal.DefaultPersistentDirectoryStore] groovy-dsl (/home/ignacio/AndroidStudioProjects/netflix/caches/8.7/groovy-dsl) has last been fully cleaned up 24 hours ago
2024-11-15T20:23:48.590+0100 [INFO] [org.gradle.cache.internal.LeastRecentlyUsedCacheCleanup] groovy-dsl (/home/ignacio/AndroidStudioProjects/netflix/caches/8.7/groovy-dsl) removing files not accessed on or after Fri Nov 08 20:22:37 CET 2024.
2024-11-15T20:23:48.591+0100 [INFO] [org.gradle.cache.internal.AbstractCacheCleanup] groovy-dsl (/home/ignacio/AndroidStudioProjects/netflix/caches/8.7/groovy-dsl) cleanup deleted 0 files/directories.
2024-11-15T20:23:48.591+0100 [INFO] [org.gradle.cache.internal.DefaultPersistentDirectoryStore] groovy-dsl (/home/ignacio/AndroidStudioProjects/netflix/caches/8.7/groovy-dsl) cleaned up in 0.001 secs.
2024-11-15T20:23:48.592+0100 [DEBUG] [org.gradle.cache.internal.DefaultCacheCoordinator] Cache groovy-dsl (/home/ignacio/AndroidStudioProjects/netflix/caches/8.7/groovy-dsl) was closed 0 times.
2024-11-15T20:23:48.592+0100 [DEBUG] [org.gradle.cache.internal.DefaultPersistentDirectoryStore] kotlin-dsl (/home/ignacio/AndroidStudioProjects/netflix/caches/8.7/kotlin-dsl) has last been fully cleaned up 24 hours ago
2024-11-15T20:23:48.592+0100 [INFO] [org.gradle.cache.internal.LeastRecentlyUsedCacheCleanup] kotlin-dsl (/home/ignacio/AndroidStudioProjects/netflix/caches/8.7/kotlin-dsl) removing files not accessed on or after Fri Nov 08 20:22:37 CET 2024.
2024-11-15T20:23:48.597+0100 [INFO] [org.gradle.cache.internal.AbstractCacheCleanup] kotlin-dsl (/home/ignacio/AndroidStudioProjects/netflix/caches/8.7/kotlin-dsl) cleanup deleted 0 files/directories.
2024-11-15T20:23:48.598+0100 [INFO] [org.gradle.cache.internal.DefaultPersistentDirectoryStore] kotlin-dsl (/home/ignacio/AndroidStudioProjects/netflix/caches/8.7/kotlin-dsl) cleaned up in 0.005 secs.
2024-11-15T20:23:48.598+0100 [DEBUG] [org.gradle.cache.internal.DefaultCacheCoordinator] Cache kotlin-dsl (/home/ignacio/AndroidStudioProjects/netflix/caches/8.7/kotlin-dsl) was closed 0 times.
2024-11-15T20:23:48.598+0100 [DEBUG] [org.gradle.cache.internal.LockOnDemandCrossProcessCacheAccess] Releasing file lock for journal cache (/home/ignacio/AndroidStudioProjects/netflix/caches/journal-1)
2024-11-15T20:23:48.599+0100 [DEBUG] [org.gradle.cache.internal.btree.BTreePersistentIndexedCache] Closing cache file-access.bin (/home/ignacio/AndroidStudioProjects/netflix/caches/journal-1/file-access.bin)
2024-11-15T20:23:48.599+0100 [DEBUG] [org.gradle.cache.internal.DefaultFileLockManager] Releasing lock on journal cache (/home/ignacio/AndroidStudioProjects/netflix/caches/journal-1).
2024-11-15T20:23:48.600+0100 [DEBUG] [org.gradle.cache.internal.LockOnDemandCrossProcessCacheAccess] Releasing file lock for file hash cache (/home/ignacio/AndroidStudioProjects/netflix/caches/8.7/fileHashes)
2024-11-15T20:23:48.600+0100 [DEBUG] [org.gradle.cache.internal.btree.BTreePersistentIndexedCache] Closing cache fileHashes.bin (/home/ignacio/AndroidStudioProjects/netflix/caches/8.7/fileHashes/fileHashes.bin)
2024-11-15T20:23:48.601+0100 [DEBUG] [org.gradle.cache.internal.btree.BTreePersistentIndexedCache] Closing cache resourceHashesCache.bin (/home/ignacio/AndroidStudioProjects/netflix/caches/8.7/fileHashes/resourceHashesCache.bin)
2024-11-15T20:23:48.601+0100 [DEBUG] [org.gradle.cache.internal.DefaultFileLockManager] Releasing lock on file hash cache (/home/ignacio/AndroidStudioProjects/netflix/caches/8.7/fileHashes).
2024-11-15T20:23:48.602+0100 [DEBUG] [org.gradle.cache.internal.VersionSpecificCacheCleanupAction] Processed version-specific caches at /home/ignacio/AndroidStudioProjects/netflix/caches for cleanup in 0.0 secs
2024-11-15T20:23:48.607+0100 [DEBUG] [org.gradle.launcher.daemon.registry.PersistentDaemonRegistry] Removing daemon address: [3744e6d9-6351-4fd5-a6a6-dc025f42b5ca port:38675, addresses:[localhost/127.0.0.1]]
Daemon vm is shutting down... The daemon has exited normally or was terminated in response to a user interrupt.
2024-11-15T20:23:48.607+0100 [DEBUG] [org.gradle.cache.internal.DefaultFileLockManager] Waiting to acquire exclusive lock on daemon addresses registry.
2024-11-15T20:23:48.608+0100 [DEBUG] [org.gradle.cache.internal.DefaultFileLockManager] Lock acquired on daemon addresses registry.
2024-11-15T20:23:48.608+0100 [DEBUG] [org.gradle.cache.internal.DefaultFileLockManager] Releasing lock on daemon addresses registry.
